<?xml version="1.0" encoding="UTF-8"?>
<!-- Generated by org.testng.reporters.JUnitReportReporter -->
<testsuite hostname="DESKTOP-3NRNP42" failures="0" tests="1" name="com.TestLayer.LoginPageTest" time="3.350" errors="0" timestamp="22 Apr 2022 03:27:04 GMT">
  <testcase classname="com.TestLayer.LoginPageTest" name="validateLoginFunctionality" time="3.350"/>
</testsuite> <!-- com.TestLayer.LoginPageTest -->
